I, [2016-08-25T15:02:07.845973 #28351]  INFO -- default-ubuntu-1404: -----> Converging <default-ubuntu-1404>...
I, [2016-08-25T15:02:07.846720 #28351]  INFO -- default-ubuntu-1404: Preparing files for transfer
I, [2016-08-25T15:02:07.846812 #28351]  INFO -- default-ubuntu-1404: Preparing dna.json
I, [2016-08-25T15:02:07.847029 #28351]  INFO -- default-ubuntu-1404: Resolving cookbook dependencies with Berkshelf 4.0.1...
E, [2016-08-25T15:02:07.912894 #28351] ERROR -- default-ubuntu-1404: Converge failed on instance <default-ubuntu-1404>.
E, [2016-08-25T15:02:07.912981 #28351] ERROR -- default-ubuntu-1404: ------Exception-------
E, [2016-08-25T15:02:07.913014 #28351] ERROR -- default-ubuntu-1404: Class: Berkshelf::BerksfileReadError
E, [2016-08-25T15:02:07.913030 #28351] ERROR -- default-ubuntu-1404: Message: An error occurred while reading the Berksfile:

  Could not open or read: '/home/hiteshri/chef-repo/cookbooks/cb_mysql/metadata.rb'
E, [2016-08-25T15:02:07.913043 #28351] ERROR -- default-ubuntu-1404: ------Backtrace-------
E, [2016-08-25T15:02:07.913054 #28351] ERROR -- default-ubuntu-1404: /opt/chefdk/embedded/lib/ruby/gems/2.1.0/gems/ridley-4.3.1/lib/ridley/mixin/from_file.rb:63:in `ensure_presence!'
E, [2016-08-25T15:02:07.913066 #28351] ERROR -- default-ubuntu-1404: /opt/chefdk/embedded/lib/ruby/gems/2.1.0/gems/ridley-4.3.1/lib/ridley/mixin/from_file.rb:28:in `from_file'
E, [2016-08-25T15:02:07.913078 #28351] ERROR -- default-ubuntu-1404: /opt/chefdk/embedded/lib/ruby/gems/2.1.0/gems/ridley-4.3.1/lib/ridley/mixin/from_file.rb:5:in `from_file'
E, [2016-08-25T15:02:07.913090 #28351] ERROR -- default-ubuntu-1404: /opt/chefdk/embedded/lib/ruby/gems/2.1.0/gems/berkshelf-4.0.1/lib/berkshelf/berksfile.rb:164:in `metadata'
E, [2016-08-25T15:02:07.913102 #28351] ERROR -- default-ubuntu-1404: /opt/chefdk/embedded/lib/ruby/gems/2.1.0/gems/cleanroom-1.0.0/lib/cleanroom.rb:130:in `public_send'
E, [2016-08-25T15:02:07.913113 #28351] ERROR -- default-ubuntu-1404: /opt/chefdk/embedded/lib/ruby/gems/2.1.0/gems/cleanroom-1.0.0/lib/cleanroom.rb:130:in `block (3 levels) in cleanroom'
E, [2016-08-25T15:02:07.913125 #28351] ERROR -- default-ubuntu-1404: /home/hiteshri/chef-repo/cookbooks/cb_mysql/Berksfile:3:in `evaluate'
E, [2016-08-25T15:02:07.913136 #28351] ERROR -- default-ubuntu-1404: /opt/chefdk/embedded/lib/ruby/gems/2.1.0/gems/cleanroom-1.0.0/lib/cleanroom.rb:70:in `instance_eval'
E, [2016-08-25T15:02:07.913150 #28351] ERROR -- default-ubuntu-1404: /opt/chefdk/embedded/lib/ruby/gems/2.1.0/gems/cleanroom-1.0.0/lib/cleanroom.rb:70:in `evaluate'
E, [2016-08-25T15:02:07.913161 #28351] ERROR -- default-ubuntu-1404: /opt/chefdk/embedded/lib/ruby/gems/2.1.0/gems/cleanroom-1.0.0/lib/cleanroom.rb:56:in `evaluate_file'
E, [2016-08-25T15:02:07.913173 #28351] ERROR -- default-ubuntu-1404: /opt/chefdk/embedded/lib/ruby/gems/2.1.0/gems/cleanroom-1.0.0/lib/cleanroom.rb:173:in `evaluate_file'
E, [2016-08-25T15:02:07.913184 #28351] ERROR -- default-ubuntu-1404: /opt/chefdk/embedded/lib/ruby/gems/2.1.0/gems/berkshelf-4.0.1/lib/berkshelf/berksfile.rb:23:in `from_file'
E, [2016-08-25T15:02:07.913195 #28351] ERROR -- default-ubuntu-1404: /opt/chefdk/embedded/lib/ruby/gems/2.1.0/gems/test-kitchen-1.4.2/lib/kitchen/provisioner/chef/berkshelf.rb:68:in `block in resolve'
E, [2016-08-25T15:02:07.913207 #28351] ERROR -- default-ubuntu-1404: /opt/chefdk/embedded/lib/ruby/gems/2.1.0/gems/thor-0.19.1/lib/thor/shell/basic.rb:20:in `mute'
E, [2016-08-25T15:02:07.913218 #28351] ERROR -- default-ubuntu-1404: /opt/chefdk/embedded/lib/ruby/gems/2.1.0/gems/test-kitchen-1.4.2/lib/kitchen/provisioner/chef/berkshelf.rb:64:in `resolve'
E, [2016-08-25T15:02:07.913229 #28351] ERROR -- default-ubuntu-1404: /opt/chefdk/embedded/lib/ruby/gems/2.1.0/gems/test-kitchen-1.4.2/lib/kitchen/provisioner/chef/common_sandbox.rb:286:in `block in resolve_with_berkshelf'
E, [2016-08-25T15:02:07.913242 #28351] ERROR -- default-ubuntu-1404: /opt/chefdk/embedded/lib/ruby/gems/2.1.0/gems/test-kitchen-1.4.2/lib/kitchen/provisioner/chef/common_sandbox.rb:285:in `synchronize'
E, [2016-08-25T15:02:07.913253 #28351] ERROR -- default-ubuntu-1404: /opt/chefdk/embedded/lib/ruby/gems/2.1.0/gems/test-kitchen-1.4.2/lib/kitchen/provisioner/chef/common_sandbox.rb:285:in `resolve_with_berkshelf'
E, [2016-08-25T15:02:07.913271 #28351] ERROR -- default-ubuntu-1404: /opt/chefdk/embedded/lib/ruby/gems/2.1.0/gems/test-kitchen-1.4.2/lib/kitchen/provisioner/chef/common_sandbox.rb:251:in `prepare_cookbooks'
E, [2016-08-25T15:02:07.913303 #28351] ERROR -- default-ubuntu-1404: /opt/chefdk/embedded/lib/ruby/gems/2.1.0/gems/test-kitchen-1.4.2/lib/kitchen/provisioner/chef/common_sandbox.rb:50:in `populate'
E, [2016-08-25T15:02:07.913317 #28351] ERROR -- default-ubuntu-1404: /opt/chefdk/embedded/lib/ruby/gems/2.1.0/gems/test-kitchen-1.4.2/lib/kitchen/provisioner/chef_base.rb:100:in `create_sandbox'
E, [2016-08-25T15:02:07.913340 #28351] ERROR -- default-ubuntu-1404: /opt/chefdk/embedded/lib/ruby/gems/2.1.0/gems/test-kitchen-1.4.2/lib/kitchen/provisioner/chef_solo.rb:44:in `create_sandbox'
E, [2016-08-25T15:02:07.913351 #28351] ERROR -- default-ubuntu-1404: /opt/chefdk/embedded/lib/ruby/gems/2.1.0/gems/test-kitchen-1.4.2/lib/kitchen/provisioner/base.rb:61:in `call'
E, [2016-08-25T15:02:07.913363 #28351] ERROR -- default-ubuntu-1404: /opt/chefdk/embedded/lib/ruby/gems/2.1.0/gems/test-kitchen-1.4.2/lib/kitchen/instance.rb:366:in `block in converge_action'
E, [2016-08-25T15:02:07.913374 #28351] ERROR -- default-ubuntu-1404: /opt/chefdk/embedded/lib/ruby/gems/2.1.0/gems/test-kitchen-1.4.2/lib/kitchen/instance.rb:488:in `call'
E, [2016-08-25T15:02:07.913385 #28351] ERROR -- default-ubuntu-1404: /opt/chefdk/embedded/lib/ruby/gems/2.1.0/gems/test-kitchen-1.4.2/lib/kitchen/instance.rb:488:in `synchronize_or_call'
E, [2016-08-25T15:02:07.913396 #28351] ERROR -- default-ubuntu-1404: /opt/chefdk/embedded/lib/ruby/gems/2.1.0/gems/test-kitchen-1.4.2/lib/kitchen/instance.rb:453:in `block in action'
E, [2016-08-25T15:02:07.913408 #28351] ERROR -- default-ubuntu-1404: /opt/chefdk/embedded/lib/ruby/2.1.0/benchmark.rb:279:in `measure'
E, [2016-08-25T15:02:07.913420 #28351] ERROR -- default-ubuntu-1404: /opt/chefdk/embedded/lib/ruby/gems/2.1.0/gems/test-kitchen-1.4.2/lib/kitchen/instance.rb:452:in `action'
E, [2016-08-25T15:02:07.913431 #28351] ERROR -- default-ubuntu-1404: /opt/chefdk/embedded/lib/ruby/gems/2.1.0/gems/test-kitchen-1.4.2/lib/kitchen/instance.rb:362:in `converge_action'
E, [2016-08-25T15:02:07.913442 #28351] ERROR -- default-ubuntu-1404: /opt/chefdk/embedded/lib/ruby/gems/2.1.0/gems/test-kitchen-1.4.2/lib/kitchen/instance.rb:341:in `block in transition_to'
E, [2016-08-25T15:02:07.913453 #28351] ERROR -- default-ubuntu-1404: /opt/chefdk/embedded/lib/ruby/gems/2.1.0/gems/test-kitchen-1.4.2/lib/kitchen/instance.rb:340:in `each'
E, [2016-08-25T15:02:07.913464 #28351] ERROR -- default-ubuntu-1404: /opt/chefdk/embedded/lib/ruby/gems/2.1.0/gems/test-kitchen-1.4.2/lib/kitchen/instance.rb:340:in `transition_to'
E, [2016-08-25T15:02:07.913475 #28351] ERROR -- default-ubuntu-1404: /opt/chefdk/embedded/lib/ruby/gems/2.1.0/gems/test-kitchen-1.4.2/lib/kitchen/instance.rb:160:in `verify'
E, [2016-08-25T15:02:07.913486 #28351] ERROR -- default-ubuntu-1404: /opt/chefdk/embedded/lib/ruby/gems/2.1.0/gems/test-kitchen-1.4.2/lib/kitchen/command.rb:176:in `public_send'
E, [2016-08-25T15:02:07.913498 #28351] ERROR -- default-ubuntu-1404: /opt/chefdk/embedded/lib/ruby/gems/2.1.0/gems/test-kitchen-1.4.2/lib/kitchen/command.rb:176:in `block (2 levels) in run_action'
E, [2016-08-25T15:02:07.913510 #28351] ERROR -- default-ubuntu-1404: ----------------------
