I, [2016-08-25T15:02:07.057312 #28351]  INFO -- Kitchen: -----> Starting Kitchen (v1.4.2)
I, [2016-08-25T15:02:07.845885 #28351]  INFO -- Kitchen: -----> Converging <default-ubuntu-1404>...
E, [2016-08-25T15:02:07.914890 #28351] ERROR -- Kitchen: ------Exception-------
E, [2016-08-25T15:02:07.914931 #28351] ERROR -- Kitchen: Class: Kitchen::ActionFailed
E, [2016-08-25T15:02:07.914951 #28351] ERROR -- Kitchen: Message: Failed to complete #converge action: [An error occurred while reading the Berksfile:

  Could not open or read: '/home/hiteshri/chef-repo/cookbooks/cb_mysql/metadata.rb']
E, [2016-08-25T15:02:07.914968 #28351] ERROR -- Kitchen: ---Nested Exception---
E, [2016-08-25T15:02:07.914981 #28351] ERROR -- Kitchen: Class: Berkshelf::BerksfileReadError
E, [2016-08-25T15:02:07.914995 #28351] ERROR -- Kitchen: Message: An error occurred while reading the Berksfile:

  Could not open or read: '/home/hiteshri/chef-repo/cookbooks/cb_mysql/metadata.rb'
E, [2016-08-25T15:02:07.915009 #28351] ERROR -- Kitchen: ------Backtrace-------
E, [2016-08-25T15:02:07.915022 #28351] ERROR -- Kitchen: /opt/chefdk/embedded/lib/ruby/gems/2.1.0/gems/ridley-4.3.1/lib/ridley/mixin/from_file.rb:63:in `ensure_presence!'
E, [2016-08-25T15:02:07.915035 #28351] ERROR -- Kitchen: /opt/chefdk/embedded/lib/ruby/gems/2.1.0/gems/ridley-4.3.1/lib/ridley/mixin/from_file.rb:28:in `from_file'
E, [2016-08-25T15:02:07.915049 #28351] ERROR -- Kitchen: /opt/chefdk/embedded/lib/ruby/gems/2.1.0/gems/ridley-4.3.1/lib/ridley/mixin/from_file.rb:5:in `from_file'
E, [2016-08-25T15:02:07.915086 #28351] ERROR -- Kitchen: /opt/chefdk/embedded/lib/ruby/gems/2.1.0/gems/berkshelf-4.0.1/lib/berkshelf/berksfile.rb:164:in `metadata'
E, [2016-08-25T15:02:07.915125 #28351] ERROR -- Kitchen: /opt/chefdk/embedded/lib/ruby/gems/2.1.0/gems/cleanroom-1.0.0/lib/cleanroom.rb:130:in `public_send'
E, [2016-08-25T15:02:07.915152 #28351] ERROR -- Kitchen: /opt/chefdk/embedded/lib/ruby/gems/2.1.0/gems/cleanroom-1.0.0/lib/cleanroom.rb:130:in `block (3 levels) in cleanroom'
E, [2016-08-25T15:02:07.915180 #28351] ERROR -- Kitchen: /home/hiteshri/chef-repo/cookbooks/cb_mysql/Berksfile:3:in `evaluate'
E, [2016-08-25T15:02:07.915199 #28351] ERROR -- Kitchen: /opt/chefdk/embedded/lib/ruby/gems/2.1.0/gems/cleanroom-1.0.0/lib/cleanroom.rb:70:in `instance_eval'
E, [2016-08-25T15:02:07.915216 #28351] ERROR -- Kitchen: /opt/chefdk/embedded/lib/ruby/gems/2.1.0/gems/cleanroom-1.0.0/lib/cleanroom.rb:70:in `evaluate'
E, [2016-08-25T15:02:07.915255 #28351] ERROR -- Kitchen: /opt/chefdk/embedded/lib/ruby/gems/2.1.0/gems/cleanroom-1.0.0/lib/cleanroom.rb:56:in `evaluate_file'
E, [2016-08-25T15:02:07.915282 #28351] ERROR -- Kitchen: /opt/chefdk/embedded/lib/ruby/gems/2.1.0/gems/cleanroom-1.0.0/lib/cleanroom.rb:173:in `evaluate_file'
E, [2016-08-25T15:02:07.915310 #28351] ERROR -- Kitchen: /opt/chefdk/embedded/lib/ruby/gems/2.1.0/gems/berkshelf-4.0.1/lib/berkshelf/berksfile.rb:23:in `from_file'
E, [2016-08-25T15:02:07.915364 #28351] ERROR -- Kitchen: /opt/chefdk/embedded/lib/ruby/gems/2.1.0/gems/test-kitchen-1.4.2/lib/kitchen/provisioner/chef/berkshelf.rb:68:in `block in resolve'
E, [2016-08-25T15:02:07.915401 #28351] ERROR -- Kitchen: /opt/chefdk/embedded/lib/ruby/gems/2.1.0/gems/thor-0.19.1/lib/thor/shell/basic.rb:20:in `mute'
E, [2016-08-25T15:02:07.915433 #28351] ERROR -- Kitchen: /opt/chefdk/embedded/lib/ruby/gems/2.1.0/gems/test-kitchen-1.4.2/lib/kitchen/provisioner/chef/berkshelf.rb:64:in `resolve'
E, [2016-08-25T15:02:07.915456 #28351] ERROR -- Kitchen: /opt/chefdk/embedded/lib/ruby/gems/2.1.0/gems/test-kitchen-1.4.2/lib/kitchen/provisioner/chef/common_sandbox.rb:286:in `block in resolve_with_berkshelf'
E, [2016-08-25T15:02:07.915507 #28351] ERROR -- Kitchen: /opt/chefdk/embedded/lib/ruby/gems/2.1.0/gems/test-kitchen-1.4.2/lib/kitchen/provisioner/chef/common_sandbox.rb:285:in `synchronize'
E, [2016-08-25T15:02:07.915555 #28351] ERROR -- Kitchen: /opt/chefdk/embedded/lib/ruby/gems/2.1.0/gems/test-kitchen-1.4.2/lib/kitchen/provisioner/chef/common_sandbox.rb:285:in `resolve_with_berkshelf'
E, [2016-08-25T15:02:07.915619 #28351] ERROR -- Kitchen: /opt/chefdk/embedded/lib/ruby/gems/2.1.0/gems/test-kitchen-1.4.2/lib/kitchen/provisioner/chef/common_sandbox.rb:251:in `prepare_cookbooks'
E, [2016-08-25T15:02:07.915652 #28351] ERROR -- Kitchen: /opt/chefdk/embedded/lib/ruby/gems/2.1.0/gems/test-kitchen-1.4.2/lib/kitchen/provisioner/chef/common_sandbox.rb:50:in `populate'
E, [2016-08-25T15:02:07.915681 #28351] ERROR -- Kitchen: /opt/chefdk/embedded/lib/ruby/gems/2.1.0/gems/test-kitchen-1.4.2/lib/kitchen/provisioner/chef_base.rb:100:in `create_sandbox'
E, [2016-08-25T15:02:07.915707 #28351] ERROR -- Kitchen: /opt/chefdk/embedded/lib/ruby/gems/2.1.0/gems/test-kitchen-1.4.2/lib/kitchen/provisioner/chef_solo.rb:44:in `create_sandbox'
E, [2016-08-25T15:02:07.915741 #28351] ERROR -- Kitchen: /opt/chefdk/embedded/lib/ruby/gems/2.1.0/gems/test-kitchen-1.4.2/lib/kitchen/provisioner/base.rb:61:in `call'
E, [2016-08-25T15:02:07.915768 #28351] ERROR -- Kitchen: /opt/chefdk/embedded/lib/ruby/gems/2.1.0/gems/test-kitchen-1.4.2/lib/kitchen/instance.rb:366:in `block in converge_action'
E, [2016-08-25T15:02:07.915790 #28351] ERROR -- Kitchen: /opt/chefdk/embedded/lib/ruby/gems/2.1.0/gems/test-kitchen-1.4.2/lib/kitchen/instance.rb:488:in `call'
E, [2016-08-25T15:02:07.915827 #28351] ERROR -- Kitchen: /opt/chefdk/embedded/lib/ruby/gems/2.1.0/gems/test-kitchen-1.4.2/lib/kitchen/instance.rb:488:in `synchronize_or_call'
E, [2016-08-25T15:02:07.915855 #28351] ERROR -- Kitchen: /opt/chefdk/embedded/lib/ruby/gems/2.1.0/gems/test-kitchen-1.4.2/lib/kitchen/instance.rb:453:in `block in action'
E, [2016-08-25T15:02:07.915879 #28351] ERROR -- Kitchen: /opt/chefdk/embedded/lib/ruby/2.1.0/benchmark.rb:279:in `measure'
E, [2016-08-25T15:02:07.915900 #28351] ERROR -- Kitchen: /opt/chefdk/embedded/lib/ruby/gems/2.1.0/gems/test-kitchen-1.4.2/lib/kitchen/instance.rb:452:in `action'
E, [2016-08-25T15:02:07.915915 #28351] ERROR -- Kitchen: /opt/chefdk/embedded/lib/ruby/gems/2.1.0/gems/test-kitchen-1.4.2/lib/kitchen/instance.rb:362:in `converge_action'
E, [2016-08-25T15:02:07.915929 #28351] ERROR -- Kitchen: /opt/chefdk/embedded/lib/ruby/gems/2.1.0/gems/test-kitchen-1.4.2/lib/kitchen/instance.rb:341:in `block in transition_to'
E, [2016-08-25T15:02:07.915951 #28351] ERROR -- Kitchen: /opt/chefdk/embedded/lib/ruby/gems/2.1.0/gems/test-kitchen-1.4.2/lib/kitchen/instance.rb:340:in `each'
E, [2016-08-25T15:02:07.915966 #28351] ERROR -- Kitchen: /opt/chefdk/embedded/lib/ruby/gems/2.1.0/gems/test-kitchen-1.4.2/lib/kitchen/instance.rb:340:in `transition_to'
E, [2016-08-25T15:02:07.915980 #28351] ERROR -- Kitchen: /opt/chefdk/embedded/lib/ruby/gems/2.1.0/gems/test-kitchen-1.4.2/lib/kitchen/instance.rb:160:in `verify'
E, [2016-08-25T15:02:07.916010 #28351] ERROR -- Kitchen: /opt/chefdk/embedded/lib/ruby/gems/2.1.0/gems/test-kitchen-1.4.2/lib/kitchen/command.rb:176:in `public_send'
E, [2016-08-25T15:02:07.916031 #28351] ERROR -- Kitchen: /opt/chefdk/embedded/lib/ruby/gems/2.1.0/gems/test-kitchen-1.4.2/lib/kitchen/command.rb:176:in `block (2 levels) in run_action'
E, [2016-08-25T15:02:07.916045 #28351] ERROR -- Kitchen: ----------------------
